Arguments: 
  /usr/bin/node /usr/share/yarn/bin/yarn.js add moment

PATH: 
  /usr/local/sbin:/usr/local/bin:/usr/sbin:/usr/bin:/sbin:/bin

Yarn version: 
  1.22.19

Node version: 
  16.18.1

Platform: 
  linux x64

Trace: 
  Error: https://npm.fontawesome.com/@fortawesome%2ffontawesome-pro: ETIMEDOUT
      at Timeout._onTimeout (/usr/share/yarn/lib/cli.js:141550:19)
      at listOnTimeout (node:internal/timers:559:17)
      at processTimers (node:internal/timers:502:7)

npm manifest: 
  {
      "private": true,
      "scripts": {
          "dev": "mix",
          "watch": "mix watch",
          "watch-poll": "mix watch -- --watch-options-poll=1000",
          "hot": "mix watch --hot",
          "production": "mix --production"
      },
      "devDependencies": {
          "axios": "^0.26.1",
          "browser-sync": "^2.27.9",
          "browser-sync-webpack-plugin": "^2.0.1",
          "cross-env": "^7.0.2",
          "laravel-mix": "^6.0.43",
          "lodash": "^4.17.21",
          "resolve-url-loader": "^5.0.0",
          "sass": "^1.20.1",
          "sass-loader": "^8.0.0",
          "vue": "^2.6.11",
          "vue-loader": "^15.9.7",
          "vue-template-compiler": "^2.6.11"
      },
      "dependencies": {
          "@fortawesome/fontawesome-pro": "^5.15.1",
          "@fortawesome/fontawesome-svg-core": "^1.2.32",
          "@fortawesome/free-solid-svg-icons": "^5.15.1",
          "@fortawesome/pro-duotone-svg-icons": "^5.15.1",
          "@fortawesome/pro-light-svg-icons": "^5.15.1",
          "@fortawesome/vue-fontawesome": "^2.0.2",
          "@inertiajs/inertia": "^0.11.0",
          "@inertiajs/inertia-vue": "^0.8.0",
          "@inertiajs/progress": "^0.2.7",
          "autoprefixer": "^10.0.2",
          "chart.js": "^2.9.4",
          "laravel-mix-tailwind": "^0.1.1",
          "postcss": "^8.4.12",
          "puppeteer": "^13.1.3",
          "swagger-ui-themes": "^3.0.1",
          "tailwind": "^4.0.0",
          "tailwindcss": "^3.0.23",
          "tailwindcss-neumorphism": "^0.1.0",
          "v-tooltip": "^2.1.2",
          "vue-chartjs": "^3.5.1",
          "vue-select": "^3.11.2",
          "vuebar": "^0.0.20",
          "vuex": "^3.5.1"
      }
  }

yarn manifest: 
  No manifest

Lockfile: 
  No lockfile
